[www.elegantthemes.com/layouts/online-store/candy-shop-home-page/live-demo.html]
[backblue.gif]
[fade.gif]
[index.html]
[www.elegantthemes.com/layouts/wp-content/plugins/woocommerce/packages/woocommerce-blocks/build/wc-blocks-vendors-style519f.css]
[www.elegantthemes.com/layouts/wp-content/plugins/woocommerce/packages/woocommerce-blocks/build/wc-blocks-style519f.css]
[www.elegantthemes.com/layouts/wp-content/plugins/woocommerce/assets/css/woocommerce-layout56be.css]
[www.elegantthemes.com/layouts/wp-content/plugins/woocommerce/assets/css/woocommerce-smallscreen56be.css]
[www.elegantthemes.com/layouts/wp-content/plugins/woocommerce/assets/css/woocommerce56be.css]
[www.elegantthemes.com/layouts/wp-content/themes/Divi/style-static.min210a.css]
[www.elegantthemes.com/layouts/wp-includes/js/jquery/jquery.mina767.js]
[www.elegantthemes.com/layouts/wp-includes/js/jquery/jquery-migrate.min6b00.js]
[www.elegantthemes.com/layouts/wp-content/uploads/2017/12/logo.png]
[www.elegantthemes.com/layouts/wp-content/et-cache/224356/et-core-unified-deferred-224356.minb09f.css]
[www.elegantthemes.com/layouts/wp-content/uploads/2019/06/candy-shop-33.png]
[www.elegantthemes.com/layouts/wp-content/uploads/2019/06/candy-shop-46.png]
[www.elegantthemes.com/layouts/wp-content/uploads/2019/06/candy-shop-icon-07-1.png]
[www.elegantthemes.com/layouts/wp-content/uploads/2019/06/candy-shop-icon-012.png]
[www.elegantthemes.com/layouts/wp-content/uploads/2019/06/candy-shop-icon-01-1.png]
[www.elegantthemes.com/layouts/wp-content/uploads/2019/06/candy-shop-30.jpg]
[www.elegantthemes.com/layouts/wp-content/uploads/2019/06/candy-shop-29.jpg]
[www.elegantthemes.com/layouts/wp-content/uploads/2019/06/candy-shop-28.jpg]
[www.elegantthemes.com/cdn-cgi/scripts/5c5dd728/cloudflare-static/email-decode.min.js]
[www.elegantthemes.com/layouts/wp-content/plugins/woocommerce/assets/js/jquery-blockui/jquery.blockUI.minb69f.js]
[www.elegantthemes.com/layouts/wp-content/plugins/woocommerce/assets/js/frontend/add-to-cart.min56be.js]
[www.elegantthemes.com/layouts/wp-content/plugins/woocommerce/assets/js/js-cookie/js.cookie.min44bd.js]
[www.elegantthemes.com/layouts/wp-content/plugins/woocommerce/assets/js/frontend/woocommerce.min56be.js]
[www.elegantthemes.com/layouts/wp-content/plugins/woocommerce/assets/js/frontend/cart-fragments.min56be.js]
[www.elegantthemes.com/layouts/wp-content/themes/Divi/js/scripts.min210a.js]
[www.elegantthemes.com/layouts/online-store/candy-shop-home-page/live-demo.html]
[www.elegantthemes.com/layouts/wp-content/plugins/woocommerce/packages/woocommerce-blocks/build/wc-blocks-vendors-style519f.css]
[www.elegantthemes.com/layouts/wp-content/plugins/woocommerce/packages/woocommerce-blocks/build/wc-blocks-style519f.css]
[www.elegantthemes.com/layouts/wp-content/plugins/woocommerce/assets/css/woocommerce-layout56be.css]
[www.elegantthemes.com/layouts/wp-content/plugins/woocommerce/assets/css/woocommerce-smallscreen56be.css]
[www.elegantthemes.com/layouts/wp-content/plugins/woocommerce/assets/css/woocommerce56be.css]
[www.elegantthemes.com/layouts/wp-content/themes/Divi/core/admin/js/common210a.js]
[www.elegantthemes.com/layouts/wp-content/themes/Divi/includes/builder/styles/images/preloader.gif]
[www.elegantthemes.com/layouts/wp-content/themes/Divi/core/admin/fonts/modules/all/modules.eot]
[www.elegantthemes.com/layouts/wp-content/themes/Divi/core/admin/fonts/modules/all/modulesd41d.eot]
[www.elegantthemes.com/layouts/wp-content/themes/Divi/core/admin/fonts/modules/all/modules.woff]
[www.elegantthemes.com/layouts/wp-content/themes/Divi/core/admin/fonts/modules/all/modules.ttf]
[www.elegantthemes.com/layouts/wp-content/themes/Divi/core/admin/fonts/modules/all/modules.svg]
[www.elegantthemes.com/layouts/wp-content/themes/Divi/core/admin/fonts/fontawesome/fa-regular-400.eot]
[www.elegantthemes.com/layouts/wp-content/themes/Divi/core/admin/fonts/fontawesome/fa-regular-400d41d.eot]
[www.elegantthemes.com/layouts/wp-content/themes/Divi/core/admin/fonts/fontawesome/fa-regular-400.woff2]
[www.elegantthemes.com/layouts/wp-content/themes/Divi/core/admin/fonts/fontawesome/fa-regular-400.woff]
[www.elegantthemes.com/layouts/wp-content/themes/Divi/core/admin/fonts/fontawesome/fa-regular-400.ttf]
[www.elegantthemes.com/layouts/wp-content/themes/Divi/core/admin/fonts/fontawesome/fa-regular-400.svg]
[www.elegantthemes.com/layouts/wp-content/themes/Divi/core/admin/fonts/fontawesome/fa-solid-900.eot]
[www.elegantthemes.com/layouts/wp-content/themes/Divi/core/admin/fonts/fontawesome/fa-solid-900d41d.eot]
[www.elegantthemes.com/layouts/wp-content/themes/Divi/core/admin/fonts/fontawesome/fa-solid-900.woff2]
[www.elegantthemes.com/layouts/wp-content/themes/Divi/core/admin/fonts/fontawesome/fa-solid-900.woff]
[www.elegantthemes.com/layouts/wp-content/themes/Divi/core/admin/fonts/fontawesome/fa-solid-900.ttf]
[www.elegantthemes.com/layouts/wp-content/themes/Divi/core/admin/fonts/fontawesome/fa-solid-900.svg]
[www.elegantthemes.com/layouts/wp-content/themes/Divi/core/admin/fonts/fontawesome/fa-brands-400.eot]
[www.elegantthemes.com/layouts/wp-content/themes/Divi/core/admin/fonts/fontawesome/fa-brands-400d41d.eot]
[www.elegantthemes.com/layouts/wp-content/themes/Divi/core/admin/fonts/fontawesome/fa-brands-400.woff2]
[www.elegantthemes.com/layouts/wp-content/themes/Divi/core/admin/fonts/fontawesome/fa-brands-400.woff]
[www.elegantthemes.com/layouts/wp-content/themes/Divi/core/admin/fonts/fontawesome/fa-brands-400.ttf]
[www.elegantthemes.com/layouts/wp-content/themes/Divi/core/admin/fonts/fontawesome/fa-brands-400.svg]
[www.elegantthemes.com/layouts/wp-content/themes/Divi/includes/builder/styles/images/subscribe-loader.gif]
[www.elegantthemes.com/layouts/wp-content/themes/Divi/style-static.min210a.css]
[www.elegantthemes.com/layouts/wp-content/uploads/2019/06/candy-shop-47.jpg]
[www.elegantthemes.com/layouts/wp-content/et-cache/224356/et-core-unified-deferred-224356.minb09f.css]
[www.elegantthemes.com/layouts/wp-content/themes/Divi/core/admin/fonts/modules/all/modules.svg]
[www.elegantthemes.com/layouts/wp-content/themes/Divi/core/admin/fonts/fontawesome/fa-regular-400.svg]
[www.elegantthemes.com/layouts/wp-content/themes/Divi/core/admin/fonts/fontawesome/fa-solid-900.svg]
[www.elegantthemes.com/layouts/wp-content/themes/Divi/core/admin/fonts/fontawesome/fa-brands-400.svg]
